<?xml version="1.0" encoding="UTF-8"?>
<testng-results skipped="0" failed="0" ignored="0" total="2" passed="2">
  <reporter-output>
  </reporter-output>
  <suite name="Suite" duration-ms="37897" started-at="2019-06-26T19:56:15Z" finished-at="2019-06-26T19:56:53Z">
    <groups>
    </groups>
    <test name="Test" duration-ms="37897" started-at="2019-06-26T19:56:15Z" finished-at="2019-06-26T19:56:53Z">
      <class name="application.HomePage">
        <test-method status="PASS" signature="invokeapplication()[pri:0, instance:application.HomePage@5f058f00]" name="invokeapplication" is-config="true" duration-ms="21020" started-at="2019-06-26T19:56:15Z" finished-at="2019-06-26T19:56:36Z">
          <reporter-output>
          </reporter-output>
        </test-method> <!-- invokeapplication -->
        <test-method status="PASS" signature="signinToApp(java.lang.String, java.lang.String)[pri:0, instance:application.HomePage@5f058f00]" name="signinToApp" duration-ms="7153" started-at="2019-06-26T19:56:40Z" data-provider="getDataFromExcel" finished-at="2019-06-26T19:56:47Z">
          <params>
            <param index="0">
              <value>
                <![CDATA[test1@gmail.com]]>
              </value>
            </param>
            <param index="1">
              <value>
                <![CDATA[order1]]>
              </value>
            </param>
          </params>
          <reporter-output>
          </reporter-output>
        </test-method> <!-- signinToApp -->
        <test-method status="PASS" signature="signinToApp(java.lang.String, java.lang.String)[pri:0, instance:application.HomePage@5f058f00]" name="signinToApp" duration-ms="4351" started-at="2019-06-26T19:56:47Z" data-provider="getDataFromExcel" finished-at="2019-06-26T19:56:52Z">
          <params>
            <param index="0">
              <value>
                <![CDATA[test2@gmail.com]]>
              </value>
            </param>
            <param index="1">
              <value>
                <![CDATA[order2]]>
              </value>
            </param>
          </params>
          <reporter-output>
          </reporter-output>
        </test-method> <!-- signinToApp -->
        <test-method status="PASS" signature="close()[pri:0, instance:application.HomePage@5f058f00]" name="close" is-config="true" duration-ms="799" started-at="2019-06-26T19:56:52Z" finished-at="2019-06-26T19:56:53Z">
          <reporter-output>
          </reporter-output>
        </test-method> <!-- close -->
      </class> <!-- application.HomePage -->
    </test> <!-- Test -->
  </suite> <!-- Suite -->
</testng-results>
